<?xml version="1.0" encoding="UTF-8"?>
<testng-results skipped="0" failed="0" ignored="0" total="1" passed="1">
  <reporter-output>
  </reporter-output>
  <suite name="Default suite" duration-ms="25239" started-at="2020-04-26T16:12:06 BST" finished-at="2020-04-26T16:12:31 BST">
    <groups>
    </groups>
    <test name="Default test" duration-ms="25239" started-at="2020-04-26T16:12:06 BST" finished-at="2020-04-26T16:12:31 BST">
      <class name="uk_webuy">
        <test-method status="PASS" signature="productTest()[pri:0, instance:uk_webuy@1efed156]" name="productTest" duration-ms="25200" started-at="2020-04-26T16:12:06 BST" finished-at="2020-04-26T16:12:31 BST">
          <reporter-output>
          </reporter-output>
        </test-method> <!-- productTest -->
      </class> <!-- uk_webuy -->
    </test> <!-- Default test -->
  </suite> <!-- Default suite -->
</testng-results>
